
ROM used:   1007/8192 (12%)
            1007/8192 (12%) including unused fragments

            0.3 Average locations per line
            2.3 Average locations per statement

RAM used:   35/368 (10%) at main() level
            41/368 (11%) worst case

Stack used: 0 worst case (0 in main + 0 for interrupts)
Stack size: 8

Lines Stmts  %   Files
----- ----- ---  -----
  106    70  16  Tarea116F877A.c
   17     0   0  Tarea116F877A.h
  707     0   0  ..\..\..\..\..\..\..\..\..\Program Files (x86)\PICC\Devices\16F877A.h
  435     0   0  ..\..\..\..\..\..\..\..\..\Program Files (x86)\PICC\Drivers\string.h
   32     0   0  ..\..\..\..\..\..\..\..\..\Program Files (x86)\PICC\Drivers\stddef.h
   28     0   0  ..\..\..\..\..\..\..\..\..\Program Files (x86)\PICC\Drivers\ctype.h
 1354   359  84  ..\..\..\..\..\..\..\..\..\Program Files (x86)\PICC\Drivers\stdlib.h
   37     0   0  ..\..\..\..\..\..\..\..\..\Program Files (x86)\PICC\Drivers\stdio.h
  195     0   0  ..\..\..\..\..\..\..\..\..\Program Files (x86)\PICC\Drivers\stdint.h
----- -----
 2911   429 Total

Page ROM  %  RAM    Vol Diff  Functions:
---- --- --- ---    --- ----  ----------
0    530  53    3   2254 10.6  MAIN
0      5   0    0             @const1004
0     88   9    4             @PSTRINGC7_9600_62_63
0      5   0    0             @const1009
0      5   0    0             @const1010
0     28   3    0             @const1011
0     41   4    3             @PSTRINGCN_9600_62_63
0    118  12    9             @PRINTF_LD_9600_62_63
0      9   1    0             @const1016
0     89   9    5             @PSTRINGCN7_9600_62_63
0     31   3    0             @const1019
0     10   1    0             @const1020
0     44   4    0             @const1021
 Inline         0             @cinit1

Program metrics:
    Functions               1
    Statements              429
    Comments                546
    Volume (V)              2293
    Difficulty (D)          9.6
    Effort to implement (E) 22103
    Time to implement (T)   20 minutes
    Est Delivered Bugs (B)  0
    Cyclomatic Complexity   14
    Maintainability (MI)    -21

 Segment     Used  Free
-----------  ----  ----
00000-00003     4  0  
00004-007FF  1003  1041  
00800-00FFF     0  2048  
01000-017FF     0  2048  
01800-01FFF     0  2048  



